<?xml version="1.0" encoding="UTF-8"?><testsuite errors="0" failures="1" name="Register" skipped="0" tests="1" time="36.13" timestamp="2023-12-25 08:08:06"><testcase name="Register Successful"><failure message="&#10;Expected: &quot;Tu cesta está vacía&quot;&#10;     but: was &quot;ENVÍO GRATIS A TODA COLOMBIA PARA COMPRAS SUPERIORES A $ 100.000&quot;" type="java.lang.AssertionError">
Expected: "Tu cesta está vacía"
     but: was "ENVÍO GRATIS A TODA COLOMBIA PARA COMPRAS SUPERIORES A $ 100.000"</failure><system-err>
Expected: "Tu cesta está vacía"
     but: was "ENVÍO GRATIS A TODA COLOMBIA PARA COMPRAS SUPERIORES A $ 100.000"&#13;
com.co.bonbonite.stepsdefinitions.RegisterStepDefinition.heUserCouldSeeHisAccount(RegisterStepDefinition.java:51)&#13;
✽.He user could see his account(src/test/resources/features/register.feature:13)&#13;
</system-err></testcase></testsuite>